<?xml version="1.0" encoding="UTF-8"?>
<!-- Generated by org.testng.reporters.JUnitReportReporter -->
<testsuite hostname="P3BLAP-9388WRB" failures="0" tests="1" name="com.herokuapp.theinternet.hovertests.HoverTests" time="17.228" errors="0" timestamp="11 Jul 2021 12:50:23 GMT" skipped="0">
  <testcase classname="com.herokuapp.theinternet.hovertests.HoverTests" name="hoverOverTests" time="17.228"/>
</testsuite> <!-- com.herokuapp.theinternet.hovertests.HoverTests -->
