<?xml version="1.0" encoding="UTF-8"?>
<!-- Generated by org.testng.reporters.JUnitReportReporter -->
<testsuite hostname="P3BLAP-9388WRB" failures="0" tests="1" name="com.herokuapp.theinternet.iframetests.IFrameTests" time="25.274" errors="0" timestamp="11 Jul 2021 11:47:58 GMT" skipped="0">
  <testcase classname="com.herokuapp.theinternet.iframetests.IFrameTests" name="iFrameTests" time="25.274"/>
</testsuite> <!-- com.herokuapp.theinternet.iframetests.IFrameTests -->
