<?xml version="1.0" encoding="UTF-8"?>
<!-- Generated by org.testng.reporters.JUnitReportReporter -->
<testsuite hostname="P3BLAP-9388WRB" failures="0" tests="4" name="com.herokuapp.theinternet.loginpagetests.NegativeLoginTests" time="50.262" errors="0" timestamp="12 Jul 2021 18:45:54 GMT" skipped="0">
  <testcase classname="com.herokuapp.theinternet.loginpagetests.NegativeLoginTests" name="negativeLoginTest" time="9.345"/>
  <testcase classname="com.herokuapp.theinternet.loginpagetests.NegativeLoginTests" name="negativeLoginTest" time="9.326"/>
  <testcase classname="com.herokuapp.theinternet.loginpagetests.NegativeLoginTests" name="negativeLoginTest" time="16.882"/>
  <testcase classname="com.herokuapp.theinternet.loginpagetests.NegativeLoginTests" name="negativeLoginTest" time="14.709"/>
</testsuite> <!-- com.herokuapp.theinternet.loginpagetests.NegativeLoginTests -->
