<?xml version="1.0" encoding="UTF-8"?>
<!-- Generated by org.testng.reporters.JUnitReportReporter -->
<testsuite hostname="P3BLAP-9388WRB" failures="0" tests="1" name="com.herokuapp.theinternet.PositiveTests" time="14.634" errors="0" timestamp="04 Jul 2021 18:11:18 GMT" skipped="0">
  <testcase classname="com.herokuapp.theinternet.PositiveTests" name="logInTest" time="14.634"/>
</testsuite> <!-- com.herokuapp.theinternet.PositiveTests -->
