<?xml version="1.0" encoding="UTF-8"?>
<!-- Generated by org.testng.reporters.JUnitReportReporter -->
<testsuite hostname="P3BLAP-9388WRB" failures="0" tests="2" name="com.herokuapp.theinternet.keytests.keyPressTests" time="40.283" errors="0" timestamp="10 Jul 2021 16:02:25 GMT" skipped="0">
  <testcase classname="com.herokuapp.theinternet.keytests.keyPressTests" name="keyPress" time="20.235"/>
  <testcase classname="com.herokuapp.theinternet.keytests.keyPressTests" name="keyPress" time="20.048"/>
</testsuite> <!-- com.herokuapp.theinternet.keytests.keyPressTests -->
