<?xml version="1.0" encoding="UTF-8"?>
<!-- Generated by org.testng.reporters.JUnitReportReporter -->
<testsuite hostname="P3BLAP-9388WRB" failures="0" tests="3" name="com.herokuapp.theinternet.fileuploadtests.FileUploadTests" time="46.302" errors="0" timestamp="12 Jul 2021 17:50:02 GMT" skipped="0">
  <testcase classname="com.herokuapp.theinternet.fileuploadtests.FileUploadTests" name="fileUpload" time="12.598"/>
  <testcase classname="com.herokuapp.theinternet.fileuploadtests.FileUploadTests" name="fileUpload" time="17.077"/>
  <testcase classname="com.herokuapp.theinternet.fileuploadtests.FileUploadTests" name="fileUpload" time="16.627"/>
</testsuite> <!-- com.herokuapp.theinternet.fileuploadtests.FileUploadTests -->
