<?xml version="1.0" encoding="UTF-8"?>
<!-- Generated by org.testng.reporters.JUnitReportReporter -->
<testsuite hostname="P3BLAP-9388WRB" failures="0" tests="1" name="com.herokuapp.theinternet.newwindowtests.NewWindowTests" time="11.598" errors="0" timestamp="09 Jul 2021 12:07:53 GMT" skipped="0">
  <testcase classname="com.herokuapp.theinternet.newwindowtests.NewWindowTests" name="openNewWindowTest" time="11.598"/>
</testsuite> <!-- com.herokuapp.theinternet.newwindowtests.NewWindowTests -->
