<?xml version="1.0" encoding="UTF-8"?>
<!-- Generated by org.testng.reporters.JUnitReportReporter -->
<testsuite hostname="P3BLAP-9388WRB" failures="0" tests="2" name="com.herokuapp.theinternet.draganddroptests.DragandDrop" time="39.327" errors="0" timestamp="11 Jul 2021 12:19:50 GMT" skipped="0">
  <testcase classname="com.herokuapp.theinternet.draganddroptests.DragandDrop" name="dragAndDropTests" time="19.668"/>
  <testcase classname="com.herokuapp.theinternet.draganddroptests.DragandDrop" name="dragAndDropTests" time="19.659"/>
</testsuite> <!-- com.herokuapp.theinternet.draganddroptests.DragandDrop -->
