<?xml version="1.0" encoding="UTF-8"?>
<!-- Generated by org.testng.reporters.JUnitReportReporter -->
<testsuite hostname="P3BLAP-9388WRB" failures="0" tests="1" name="com.herokuapp.theinternet.horizontalslidertests.SliderTests" time="15.765" errors="0" timestamp="11 Jul 2021 13:15:56 GMT" skipped="0">
  <testcase classname="com.herokuapp.theinternet.horizontalslidertests.SliderTests" name="horizontalSliderTests" time="15.765"/>
</testsuite> <!-- com.herokuapp.theinternet.horizontalslidertests.SliderTests -->
