<?xml version="1.0" encoding="UTF-8"?>
<!-- Generated by org.testng.reporters.JUnitReportReporter -->
<testsuite hostname="P3BLAP-9388WRB" failures="0" tests="1" name="com.herokuapp.theinternet.dropdowntests.DropdownTests" time="26.245" errors="0" timestamp="07 Jul 2021 11:29:56 GMT" skipped="0">
  <testcase classname="com.herokuapp.theinternet.dropdowntests.DropdownTests" name="selectDropdownTest" time="26.245"/>
</testsuite> <!-- com.herokuapp.theinternet.dropdowntests.DropdownTests -->
