<?xml version="1.0" encoding="UTF-8"?>
<!-- Generated by org.testng.reporters.JUnitReportReporter -->
<testsuite hostname="P3BLAP-9388WRB" failures="0" tests="4" name="com.herokuapp.theinternet.NegativeTests" time="65.825" errors="0" timestamp="04 Jul 2021 18:23:20 GMT" skipped="0">
  <testcase classname="com.herokuapp.theinternet.NegativeTests" name="negativeTest" time="10.905"/>
  <testcase classname="com.herokuapp.theinternet.NegativeTests" name="negativeTest" time="20.781"/>
  <testcase classname="com.herokuapp.theinternet.NegativeTests" name="negativeTest" time="12.440"/>
  <testcase classname="com.herokuapp.theinternet.NegativeTests" name="negativeTest" time="21.699"/>
</testsuite> <!-- com.herokuapp.theinternet.NegativeTests -->
